$BEGIN$$
$COMMENT$Danfoss PLUS+1 GUIDE Software: [glink] Version: 2024.2.4$
$COMMENT$ Type: Educational    $
$COMMENT$ Id: 31977    $
$COMMENT$ Sub ID: 0    $
$COMMENT$ Maintenance until: 15-Sep-2025    $
$COMMENT$ Time limit: 15-Sep-2025    $
$COMMENT$     $
$COMMENT$     $
$TYPEDEFC$  typedef struct { $
$TYPEDEFC$  U32 Write; $
$TYPEDEFC$  U32 Read; $
$TYPEDEFC$  } S_MASTERPASSWORD_t; $
$TYPEDEFC$  typedef struct { $
$TYPEDEFC$  S_MASTERPASSWORD_t MasterPassword; $
$TYPEDEFC$  BOOL DisableRead; $
$TYPEDEFC$  BOOL DisableWrite; $
$TYPEDEFC$  BOOL DisableDownload; $
$TYPEDEFC$  BOOL Connect; $
$TYPEDEFC$  } S_DIAGNOSTIC_CONTROL_t; $
$TYPEDEFC$  typedef struct { $
$TYPEDEFC$  S32 s32[256]; $
$TYPEDEFC$  U32 u32[256]; $
$TYPEDEFC$  S16 s16[512]; $
$TYPEDEFC$  U16 u16[512]; $
$TYPEDEFC$  U16 dummy[513]; $
$TYPEDEFC$  } EEUNIONTYPE; $
$TYPEDEFC$  typedef struct { $
$TYPEDEFC$  U16 Status; $
$TYPEDEFC$  U16 Intern; $
$TYPEDEFC$  } S_NV_STRUCT_t; $
$TYPEDEFC$  typedef struct { $
$TYPEDEFC$  U8 ServerAddr; $
$TYPEDEFC$  U8 ClientAddr; $
$TYPEDEFC$  } S_NODETYPE_STRUCT_t; $
$TYPEDEFC$  typedef struct { $
$TYPEDEFC$  U8 Addr; $
$TYPEDEFC$  } S_NETTYPE_STRUCT_t; /** define the CanController as constant */ $
$TYPEDEFC$  typedef struct { $
$TYPEDEFC$  S_NODETYPE_STRUCT_t Node; $
$TYPEDEFC$  S_NETTYPE_STRUCT_t Net[2]; /** define the CanController as constant */ $
$TYPEDEFC$  } S_IDTYPE_STRUCT_t; $
$TYPEDEFC$  typedef struct { $
$TYPEDEFC$  BOOL Start; /** Set during the first processing time after a power cycle (visible in the API, read) */ $
$TYPEDEFC$  U32 LoopCnt; /** Already processed loops after the last power cycle (visible in the API, read) */ $
$TYPEDEFC$  U16 ExecTime; /** Real Processing time [ms] (visible in the API, read) */ $
$TYPEDEFC$  U16 ExecTimeSave; /** temp buffer for the actual used loop-time */ $
$TYPEDEFC$  U16 ExecTimeOut; /** Requested processing time [ms] */ $
$TYPEDEFC$  U16 ExecTimeWork; /** Actual work time during processing time [ms] (visible in the API, read)*/ $
$TYPEDEFC$  U32 ETime; /** Time since power on [10ms] (visible in the API, read) */ $
$TYPEDEFC$  U16 ChecksumFailure; /** BIT0 = ProgramCode; BIT1 = RAM ; BIT2 = Bootloader*/ $
$TYPEDEFC$  /** BIT0 = ProgramCode; BIT1 = RAM ; BIT2 = Bootloader ; if zero system will stop ASAP */ $
$TYPEDEFC$  /** if one of the above is BITS set to 1 = application stops */ $
$TYPEDEFC$  U16 ChecksumFailureTreatment; $
$TYPEDEFC$  U16 CrcFailed; /** CRC calculation has failed */ $
$TYPEDEFC$  U16 CrcStatus; /* For temp storage only, to have downward compatibility */ $
$TYPEDEFC$  U16 CrcDownloaded; /** CRC has been downloaded */ $
$TYPEDEFC$  U16 CrcCalculated; /** CRC has been calculated */ $
$TYPEDEFC$  U16 CrcCalcTime; /** CRC background calculation time */ $
$TYPEDEFC$  BOOL ResetExecTimeOld; /** temp buffer for the request to reset the timing */ $
$TYPEDEFC$  /** if 1 = ExecTime will be set to ExecTimeWork again */ $
$TYPEDEFC$  BOOL ResetExecTime; $
$TYPEDEFC$  } S_OSTYPE_STRUCT_t; $
$TYPEDEFC$  typedef struct { $
$TYPEDEFC$  BOOL DigIn; $
$TYPEDEFC$  /** 0 -> NO Pulldown, NO Pullup */ $
$TYPEDEFC$  /** 1 -> NO Pulldown, Pullup */ $
$TYPEDEFC$  /** 2 -> Pulldown, NO Pullup */ $
$TYPEDEFC$  U16 PinConfig; $
$TYPEDEFC$  U16 PinStatus; $
$TYPEDEFC$  } S_LG_D4_INTERFACE_STRUCT_t; $
$TYPEDEFC$  typedef struct { $
$TYPEDEFC$  U16 PinStatus; $
$TYPEDEFC$  BOOL DigOut; $
$TYPEDEFC$  } S_LG_DOUT2_INTERFACE_STRUCT_t; $
$TYPEDEFC$  typedef struct { $
$TYPEDEFC$  U16 PinStatus; $
$TYPEDEFC$  BOOL DigOut; $
$TYPEDEFC$  U16 AnIn; $
$TYPEDEFC$  U16 Volt; $
$TYPEDEFC$  } S_LG_DOUT4_INTERFACE_STRUCT_t; $
$TYPEDEFC$  typedef struct { $
$TYPEDEFC$  U16 AnIn; $
$TYPEDEFC$  U16 Volt; $
$TYPEDEFC$  } S_LG_DA3_INTERFACE_STRUCT_t; $
$TYPEDEFC$  typedef struct { $
$TYPEDEFC$  U16 AnIn; $
$TYPEDEFC$  U16 Volt; $
$TYPEDEFC$  U16 Ohm; $
$TYPEDEFC$  U16 PinConfig; $
$TYPEDEFC$  U16 PinStatus; $
$TYPEDEFC$  } S_LG_DAR2_INTERFACE_STRUCT_t; $
$TYPEDEFC$  typedef struct { $
$TYPEDEFC$  BOOL DigIn; $
$TYPEDEFC$  U16 AnIn; $
$TYPEDEFC$  U16 Volt; $
$TYPEDEFC$  /** 0 -> NO Pulldown, NO Pullup */ $
$TYPEDEFC$  /** 1 -> NO Pulldown, Pullup */ $
$TYPEDEFC$  /** 2 -> Pulldown, NO Pullup */ $
$TYPEDEFC$  /** 3 -> Pulldown, Pullup */ $
$TYPEDEFC$  U16 PinConfig0; $
$TYPEDEFC$  U16 PinConfig1; $
$TYPEDEFC$  U16 DigInConfigLow; $
$TYPEDEFC$  U16 DigInConfigHigh; $
$TYPEDEFC$  U16 PinStatus; $
$TYPEDEFC$  } S_LG_DA1_INTERFACE_STRUCT_t; $
$TYPEDEFC$  typedef struct { $
$TYPEDEFC$  BOOL DigIn; $
$TYPEDEFC$  U16 AnIn; $
$TYPEDEFC$  U16 Volt; $
$TYPEDEFC$  U16 Freq; $
$TYPEDEFC$  U32 Per; $
$TYPEDEFC$  U16 Count; $
$TYPEDEFC$  U16 Duty; $
$TYPEDEFC$  S16 QuadCount; $
$TYPEDEFC$  S32 Phase; $
$TYPEDEFC$  /** 0 -> NO Pulldown, NO Pullup */ $
$TYPEDEFC$  /** 1 -> NO Pulldown, Pullup */ $
$TYPEDEFC$  /** 2 -> Pulldown, NO Pullup */ $
$TYPEDEFC$  /** 3 -> Pulldown, Pullup */ $
$TYPEDEFC$  U16 PinConfig0; $
$TYPEDEFC$  U16 PinConfig1; $
$TYPEDEFC$  U16 DigInConfigLow; $
$TYPEDEFC$  U16 DigInConfigHigh; $
$TYPEDEFC$  U16 FreqConfig; $
$TYPEDEFC$  U16 PinStatus; $
$TYPEDEFC$  U16 FreqStatus; $
$TYPEDEFC$  } S_LG_DAF1_INTERFACE_STRUCT_t; $
$TYPEDEFC$  typedef struct { $
$TYPEDEFC$  U16 FreqSetting; $
$TYPEDEFC$  U16 OutputOld; $
$TYPEDEFC$  S32 OutputValueTemp; $
$TYPEDEFC$  U16 uiValveResetCounter; $
$TYPEDEFC$  U16 ReqFreqOld; $
$TYPEDEFC$  U16 ReqFreq; $
$TYPEDEFC$  U16 ActFreq; $
$TYPEDEFC$  /** 0 -> DigOut push pull */ $
$TYPEDEFC$  /** 1 -> DigOut Source */ $
$TYPEDEFC$  /** 2 -> DigOut sinking */ $
$TYPEDEFC$  /** 3 -> PWM open loop */ $
$TYPEDEFC$  /** 4 -> PWM closed loop */ $
$TYPEDEFC$  /** 5 -> PWM closed loop dither */ $
$TYPEDEFC$  /** 6 -> PVE out */ $
$TYPEDEFC$  /** 7 -> PWM birectional */ $
$TYPEDEFC$  /** 8 -> PWM birectional with dither */ $
$TYPEDEFC$  U16 PinConfig; $
$TYPEDEFC$  U16 PinStatus; $
$TYPEDEFC$  BOOL DigOut; $
$TYPEDEFC$  U16 OutputValue; $
$TYPEDEFC$  U16 AnIn; $
$TYPEDEFC$  S16 FeedBackValue; $
$TYPEDEFC$  U16 ActPWM; $
$TYPEDEFC$  U16 DitherFreq; $
$TYPEDEFC$  U16 DitherAmp; $
$TYPEDEFC$  U16 CurChgLim; $
$TYPEDEFC$  } S_LG_PWM2_INTERFACE_STRUCT_t; $
$TYPEDEFC$  typedef struct { $
$TYPEDEFC$  BOOL DitherActiv; $
$TYPEDEFC$  U16 ReqFreq; $
$TYPEDEFC$  U16 ActFreq; $
$TYPEDEFC$  } S_LG_PWM2_GROUPS_INTERFACE_STRUCT_t; $
$TYPEDEFC$  typedef struct { $
$TYPEDEFC$  U16 AnIn; $
$TYPEDEFC$  U16 Volt; $
$TYPEDEFC$  } S_LG_INT_PWR_INTERFACE_STRUCT_t; $
$TYPEDEFC$  typedef struct { $
$TYPEDEFC$  U32 Id; $
$TYPEDEFC$  U32 Mask; $
$TYPEDEFC$  U8 Data[8]; $
$TYPEDEFC$  U8 Length; $
$TYPEDEFC$  BOOL Tx; $
$TYPEDEFC$  BOOL Rx; $
$TYPEDEFC$  BOOL Overrun; $
$TYPEDEFC$  BOOL TransmitMode; $
$TYPEDEFC$  BOOL ReceiveMode; $
$TYPEDEFC$  BOOL ExtendedMode; $
$TYPEDEFC$  BOOL OverwriteProtect; $
$TYPEDEFC$  } CAN_INTERFACE_MSG_STRUCT; $
$TYPEDEFC$  typedef struct { $
$TYPEDEFC$  U32 Baudrate; $
$TYPEDEFC$  /** To satisfy different notations of the API's */ $
$TYPEDEFC$  BOOL BusOff; $
$TYPEDEFC$  BOOL BussOff; $
$TYPEDEFC$  BOOL Reset; $
$TYPEDEFC$  BOOL DriverError; $
$TYPEDEFC$  BOOL DriverReset; $
$TYPEDEFC$  BOOL ErrorPassive; $
$TYPEDEFC$  BOOL Overflow; $
$TYPEDEFC$  PORT Port; $
$TYPEDEFC$  } S_CAN_INTERFACE_STRUCT_t; $
$TYPEDEFC$  typedef struct { $
$TYPEDEFC$  U16 AnIn; $
$TYPEDEFC$  U16 Volt; $
$TYPEDEFC$  } S_LG_VLDP_INTERFACE_STRUCT_t; $
$TYPEDEFC$  typedef struct { $
$TYPEDEFC$  U16 AnIn; $
$TYPEDEFC$  U16 Volt; $
$TYPEDEFC$  } S_LG_5V_SENSOR_PWR_STRUCT_t; $
$TYPEDEFC$  typedef struct { $
$TYPEDEFC$  BOOL Green; $
$TYPEDEFC$  BOOL Red; $
$TYPEDEFC$  } S_LED1_INTERFACE_STRUCT_t; $
$TRANS-APPLICATION$  KILLSWITCH$
$SET$  DYNAMICNV=1$
$SET$  ADDRESSMODE=LSBFIRST$
$SET$  ADDRESS_SIZE=16$
$SET$  MIN_DATASIZE=8$
$NONE$  ID.Net[2].Addr$
$NONE$  CAN[2].Baudrate$
$NONE$  CAN[2].BussOff$
$NONE$  CAN[2].Reset$
$NONE$  CAN[2].DriverError$
$NONE$  CAN[2].DriverReset$
$NONE$  CAN[2].ErrorPassive$
$NONE$  CAN[2].Overflow$
$NONE$  CAN[2].Port$
$SET$  STATUSINFO=TRIAL,$
$ADR5$  ServiceTool.MasterPassword.Read S_DIAGNOSTIC_CONTROL_t SYS U S$
$ADR5$  ServiceTool.DisableRead S_DIAGNOSTIC_CONTROL_t SYS U S$
$ADR5$  ServiceTool.DisableWrite S_DIAGNOSTIC_CONTROL_t SYS U S$
$ADR5$  ServiceTool.DisableDownload S_DIAGNOSTIC_CONTROL_t SYS U S$
$ADR5$  ID.Node.ServerAddr S_IDTYPE_STRUCT_t SYSI U SF$
$ADR5$  OS.ExecTimeOut S_OSTYPE_STRUCT_t SYSI U SF$
$ADR5$  OS.ChecksumFailureTreatment S_OSTYPE_STRUCT_t SYSI U S$
$ADR5$  C1p06.PinConfig S_LG_D4_INTERFACE_STRUCT_t SYSI U SF$
$ADR5$  C1p07.PinConfig S_LG_D4_INTERFACE_STRUCT_t SYSI U SF$
$ADR5$  C1p10.PinConfig S_LG_D4_INTERFACE_STRUCT_t SYSI U SF$
$ADR5$  C1p11.PinConfig S_LG_D4_INTERFACE_STRUCT_t SYSI U SF$
$ADR5$  C1p12.PinConfig S_LG_D4_INTERFACE_STRUCT_t SYSI U SF$
$ADR5$  C1p13.PinConfig S_LG_D4_INTERFACE_STRUCT_t SYSI U SF$
$ADR5$  C1p31.DigOut S_LG_DOUT2_INTERFACE_STRUCT_t SYS U SF$
$ADR5$  C1p32.DigOut S_LG_DOUT2_INTERFACE_STRUCT_t SYS U SF$
$ADR5$  C1p33.DigOut S_LG_DOUT2_INTERFACE_STRUCT_t SYS U SF$
$ADR5$  C1p35.DigOut S_LG_DOUT4_INTERFACE_STRUCT_t SYS U SF$
$ADR5$  C1p36.DigOut S_LG_DOUT4_INTERFACE_STRUCT_t SYS U SF$
$ADR5$  C1p34.DigOut S_LG_DOUT4_INTERFACE_STRUCT_t SYS U SF$
$ADR5$  C1p27.PinConfig S_LG_DAR2_INTERFACE_STRUCT_t SYSI U SF$
$ADR5$  C1p28.PinConfig S_LG_DAR2_INTERFACE_STRUCT_t SYSI U SF$
$ADR5$  C1p29.PinConfig S_LG_DAR2_INTERFACE_STRUCT_t SYSI U SF$
$ADR5$  C1p30.PinConfig S_LG_DAR2_INTERFACE_STRUCT_t SYSI U SF$
$ADR5$  C1p14.PinConfig0 S_LG_DA1_INTERFACE_STRUCT_t SYSI U SF$
$ADR5$  C1p14.PinConfig1 S_LG_DA1_INTERFACE_STRUCT_t SYSI U SF$
$ADR5$  C1p14.DigInConfigLow S_LG_DA1_INTERFACE_STRUCT_t SYSI U SF$
$ADR5$  C1p14.DigInConfigHigh S_LG_DA1_INTERFACE_STRUCT_t SYSI U SF$
$ADR5$  C1p15.PinConfig0 S_LG_DA1_INTERFACE_STRUCT_t SYSI U SF$
$ADR5$  C1p15.PinConfig1 S_LG_DA1_INTERFACE_STRUCT_t SYSI U SF$
$ADR5$  C1p15.DigInConfigLow S_LG_DA1_INTERFACE_STRUCT_t SYSI U SF$
$ADR5$  C1p15.DigInConfigHigh S_LG_DA1_INTERFACE_STRUCT_t SYSI U SF$
$ADR5$  C1p16.PinConfig0 S_LG_DA1_INTERFACE_STRUCT_t SYSI U SF$
$ADR5$  C1p16.PinConfig1 S_LG_DA1_INTERFACE_STRUCT_t SYSI U SF$
$ADR5$  C1p16.DigInConfigLow S_LG_DA1_INTERFACE_STRUCT_t SYSI U SF$
$ADR5$  C1p16.DigInConfigHigh S_LG_DA1_INTERFACE_STRUCT_t SYSI U SF$
$ADR5$  C1p17.PinConfig0 S_LG_DA1_INTERFACE_STRUCT_t SYSI U SF$
$ADR5$  C1p17.PinConfig1 S_LG_DA1_INTERFACE_STRUCT_t SYSI U SF$
$ADR5$  C1p17.DigInConfigLow S_LG_DA1_INTERFACE_STRUCT_t SYSI U SF$
$ADR5$  C1p17.DigInConfigHigh S_LG_DA1_INTERFACE_STRUCT_t SYSI U SF$
$ADR5$  C1p18.PinConfig0 S_LG_DAF1_INTERFACE_STRUCT_t SYSI U SF$
$ADR5$  C1p18.PinConfig1 S_LG_DAF1_INTERFACE_STRUCT_t SYSI U SF$
$ADR5$  C1p18.DigInConfigLow S_LG_DAF1_INTERFACE_STRUCT_t SYSI U SF$
$ADR5$  C1p18.DigInConfigHigh S_LG_DAF1_INTERFACE_STRUCT_t SYSI U SF$
$ADR5$  C1p18.FreqConfig S_LG_DAF1_INTERFACE_STRUCT_t SYSI U SF$
$ADR5$  C1p19.PinConfig0 S_LG_DAF1_INTERFACE_STRUCT_t SYSI U SF$
$ADR5$  C1p19.PinConfig1 S_LG_DAF1_INTERFACE_STRUCT_t SYSI U SF$
$ADR5$  C1p19.DigInConfigLow S_LG_DAF1_INTERFACE_STRUCT_t SYSI U SF$
$ADR5$  C1p19.DigInConfigHigh S_LG_DAF1_INTERFACE_STRUCT_t SYSI U SF$
$ADR5$  C1p19.FreqConfig S_LG_DAF1_INTERFACE_STRUCT_t SYSI U S$
$ADR5$  C1p23.PinConfig0 S_LG_DAF1_INTERFACE_STRUCT_t SYSI U SF$
$ADR5$  C1p23.PinConfig1 S_LG_DAF1_INTERFACE_STRUCT_t SYSI U SF$
$ADR5$  C1p23.DigInConfigLow S_LG_DAF1_INTERFACE_STRUCT_t SYSI U SF$
$ADR5$  C1p23.DigInConfigHigh S_LG_DAF1_INTERFACE_STRUCT_t SYSI U SF$
$ADR5$  C1p23.FreqConfig S_LG_DAF1_INTERFACE_STRUCT_t SYSI U S$
$ADR5$  C1p24.PinConfig0 S_LG_DAF1_INTERFACE_STRUCT_t SYSI U SF$
$ADR5$  C1p24.PinConfig1 S_LG_DAF1_INTERFACE_STRUCT_t SYSI U SF$
$ADR5$  C1p24.DigInConfigLow S_LG_DAF1_INTERFACE_STRUCT_t SYSI U SF$
$ADR5$  C1p24.DigInConfigHigh S_LG_DAF1_INTERFACE_STRUCT_t SYSI U SF$
$ADR5$  C1p24.FreqConfig S_LG_DAF1_INTERFACE_STRUCT_t SYSI U SF$
$ADR5$  C1p25.PinConfig0 S_LG_DAF1_INTERFACE_STRUCT_t SYSI U SF$
$ADR5$  C1p25.PinConfig1 S_LG_DAF1_INTERFACE_STRUCT_t SYSI U SF$
$ADR5$  C1p25.DigInConfigLow S_LG_DAF1_INTERFACE_STRUCT_t SYSI U SF$
$ADR5$  C1p25.DigInConfigHigh S_LG_DAF1_INTERFACE_STRUCT_t SYSI U SF$
$ADR5$  C1p25.FreqConfig S_LG_DAF1_INTERFACE_STRUCT_t SYSI U S$
$ADR5$  C1p26.PinConfig0 S_LG_DAF1_INTERFACE_STRUCT_t SYSI U SF$
$ADR5$  C1p26.PinConfig1 S_LG_DAF1_INTERFACE_STRUCT_t SYSI U SF$
$ADR5$  C1p26.DigInConfigLow S_LG_DAF1_INTERFACE_STRUCT_t SYSI U SF$
$ADR5$  C1p26.DigInConfigHigh S_LG_DAF1_INTERFACE_STRUCT_t SYSI U SF$
$ADR5$  C1p26.FreqConfig S_LG_DAF1_INTERFACE_STRUCT_t SYSI U S$
$ADR5$  C1p37.PinConfig S_LG_PWM2_INTERFACE_STRUCT_t SYSI U SF$
$ADR5$  C1p37.DigOut S_LG_PWM2_INTERFACE_STRUCT_t SYS U SF$
$ADR5$  C1p37.OutputValue S_LG_PWM2_INTERFACE_STRUCT_t SYS U SF$
$ADR5$  C1p37.DitherFreq S_LG_PWM2_INTERFACE_STRUCT_t SYS U SF$
$ADR5$  C1p37.DitherAmp S_LG_PWM2_INTERFACE_STRUCT_t SYS U SF$
$ADR5$  C1p37.CurChgLim S_LG_PWM2_INTERFACE_STRUCT_t SYSI U SF$
$ADR5$  C1p38.PinConfig S_LG_PWM2_INTERFACE_STRUCT_t SYSI U SF$
$ADR5$  C1p38.DigOut S_LG_PWM2_INTERFACE_STRUCT_t SYS U SF$
$ADR5$  C1p38.OutputValue S_LG_PWM2_INTERFACE_STRUCT_t SYS U SF$
$ADR5$  C1p38.DitherFreq S_LG_PWM2_INTERFACE_STRUCT_t SYS U SF$
$ADR5$  C1p38.DitherAmp S_LG_PWM2_INTERFACE_STRUCT_t SYS U SF$
$ADR5$  C1p38.CurChgLim S_LG_PWM2_INTERFACE_STRUCT_t SYSI U S$
$ADR5$  C1p39.PinConfig S_LG_PWM2_INTERFACE_STRUCT_t SYSI U SF$
$ADR5$  C1p39.DigOut S_LG_PWM2_INTERFACE_STRUCT_t SYS U SF$
$ADR5$  C1p39.OutputValue S_LG_PWM2_INTERFACE_STRUCT_t SYS U SF$
$ADR5$  C1p39.DitherFreq S_LG_PWM2_INTERFACE_STRUCT_t SYS U SF$
$ADR5$  C1p39.DitherAmp S_LG_PWM2_INTERFACE_STRUCT_t SYS U SF$
$ADR5$  C1p39.CurChgLim S_LG_PWM2_INTERFACE_STRUCT_t SYSI U S$
$ADR5$  C1p42.PinConfig S_LG_PWM2_INTERFACE_STRUCT_t SYSI U SF$
$ADR5$  C1p42.DigOut S_LG_PWM2_INTERFACE_STRUCT_t SYS U SF$
$ADR5$  C1p42.OutputValue S_LG_PWM2_INTERFACE_STRUCT_t SYS U SF$
$ADR5$  C1p42.DitherFreq S_LG_PWM2_INTERFACE_STRUCT_t SYS U SF$
$ADR5$  C1p42.DitherAmp S_LG_PWM2_INTERFACE_STRUCT_t SYS U SF$
$ADR5$  C1p42.CurChgLim S_LG_PWM2_INTERFACE_STRUCT_t SYSI U SF$
$ADR5$  C1p43.PinConfig S_LG_PWM2_INTERFACE_STRUCT_t SYSI U SF$
$ADR5$  C1p43.DigOut S_LG_PWM2_INTERFACE_STRUCT_t SYS U SF$
$ADR5$  C1p43.OutputValue S_LG_PWM2_INTERFACE_STRUCT_t SYS U SF$
$ADR5$  C1p43.DitherFreq S_LG_PWM2_INTERFACE_STRUCT_t SYS U SF$
$ADR5$  C1p43.DitherAmp S_LG_PWM2_INTERFACE_STRUCT_t SYS U SF$
$ADR5$  C1p43.CurChgLim S_LG_PWM2_INTERFACE_STRUCT_t SYSI U S$
$ADR5$  C1p44.PinConfig S_LG_PWM2_INTERFACE_STRUCT_t SYSI U SF$
$ADR5$  C1p44.DigOut S_LG_PWM2_INTERFACE_STRUCT_t SYS U SF$
$ADR5$  C1p44.OutputValue S_LG_PWM2_INTERFACE_STRUCT_t SYS U SF$
$ADR5$  C1p44.DitherFreq S_LG_PWM2_INTERFACE_STRUCT_t SYS U SF$
$ADR5$  C1p44.DitherAmp S_LG_PWM2_INTERFACE_STRUCT_t SYS U SF$
$ADR5$  C1p44.CurChgLim S_LG_PWM2_INTERFACE_STRUCT_t SYSI U S$
$ADR5$  C1p41.PinConfig S_LG_PWM2_INTERFACE_STRUCT_t SYSI U SF$
$ADR5$  C1p41.DigOut S_LG_PWM2_INTERFACE_STRUCT_t SYS U SF$
$ADR5$  C1p41.OutputValue S_LG_PWM2_INTERFACE_STRUCT_t SYS U SF$
$ADR5$  C1p41.DitherFreq S_LG_PWM2_INTERFACE_STRUCT_t SYS U S$
$ADR5$  C1p41.DitherAmp S_LG_PWM2_INTERFACE_STRUCT_t SYS U S$
$ADR5$  C1p41.CurChgLim S_LG_PWM2_INTERFACE_STRUCT_t SYSI U S$
$ADR5$  C1p46.PinConfig S_LG_PWM2_INTERFACE_STRUCT_t SYSI U SF$
$ADR5$  C1p46.DigOut S_LG_PWM2_INTERFACE_STRUCT_t SYS U SF$
$ADR5$  C1p46.OutputValue S_LG_PWM2_INTERFACE_STRUCT_t SYS U SF$
$ADR5$  C1p46.DitherFreq S_LG_PWM2_INTERFACE_STRUCT_t SYS U S$
$ADR5$  C1p46.DitherAmp S_LG_PWM2_INTERFACE_STRUCT_t SYS U S$
$ADR5$  C1p46.CurChgLim S_LG_PWM2_INTERFACE_STRUCT_t SYSI U S$
$ADR5$  C1p40.PinConfig S_LG_PWM2_INTERFACE_STRUCT_t SYSI U SF$
$ADR5$  C1p40.DigOut S_LG_PWM2_INTERFACE_STRUCT_t SYS U SF$
$ADR5$  C1p40.OutputValue S_LG_PWM2_INTERFACE_STRUCT_t SYS U SF$
$ADR5$  C1p40.DitherFreq S_LG_PWM2_INTERFACE_STRUCT_t SYS U SF$
$ADR5$  C1p40.DitherAmp S_LG_PWM2_INTERFACE_STRUCT_t SYS U SF$
$ADR5$  C1p40.CurChgLim S_LG_PWM2_INTERFACE_STRUCT_t SYSI U S$
$ADR5$  C1p45.PinConfig S_LG_PWM2_INTERFACE_STRUCT_t SYSI U SF$
$ADR5$  C1p45.DigOut S_LG_PWM2_INTERFACE_STRUCT_t SYS U SF$
$ADR5$  C1p45.OutputValue S_LG_PWM2_INTERFACE_STRUCT_t SYS U SF$
$ADR5$  C1p45.DitherFreq S_LG_PWM2_INTERFACE_STRUCT_t SYS U SF$
$ADR5$  C1p45.DitherAmp S_LG_PWM2_INTERFACE_STRUCT_t SYS U SF$
$ADR5$  C1p45.CurChgLim S_LG_PWM2_INTERFACE_STRUCT_t SYSI U S$
$ADR5$  C1p37_C1p40.ReqFreq S_LG_PWM2_GROUPS_INTERFACE_STRUCT_t SYSI U SF$
$ADR5$  C1p42_C1p45.ReqFreq S_LG_PWM2_GROUPS_INTERFACE_STRUCT_t SYSI U SF$
$ADR5$  Led.Green S_LED1_INTERFACE_STRUCT_t SYSI U SF$
$ADR5$  Led.Red S_LED1_INTERFACE_STRUCT_t SYSI U SF$
$ADR5$  OS.Start S_OSTYPE_STRUCT_t SYS U FS$
$ADR5$  OS.LoopCnt S_OSTYPE_STRUCT_t SYS U FS$
$ADR5$  OS.ExecTime S_OSTYPE_STRUCT_t SYS U FS$
$ADR5$  OS.ExecTimeWork S_OSTYPE_STRUCT_t SYS U FS$
$ADR5$  OS.ETime S_OSTYPE_STRUCT_t SYS U FS$
$ADR5$  NVMem.Status S_NV_STRUCT_t SYS U FS$
$ADR5$  C1p02.AnIn S_LG_VLDP_INTERFACE_STRUCT_t SYS U FS$
$ADR5$  C1p02.Volt S_LG_VLDP_INTERFACE_STRUCT_t SYS U FS$
$ADR5$  C1p05.AnIn S_LG_DA3_INTERFACE_STRUCT_t SYS U FS$
$ADR5$  C1p05.Volt S_LG_DA3_INTERFACE_STRUCT_t SYS U FS$
$ADR5$  C1p06.DigIn S_LG_D4_INTERFACE_STRUCT_t SYS U FS$
$ADR5$  C1p06.PinStatus S_LG_D4_INTERFACE_STRUCT_t SYS U FS$
$ADR5$  C1p07.DigIn S_LG_D4_INTERFACE_STRUCT_t SYS U FS$
$ADR5$  C1p07.PinStatus S_LG_D4_INTERFACE_STRUCT_t SYS U FS$
$ADR5$  C1p08.AnIn S_LG_5V_SENSOR_PWR_STRUCT_t SYS U FS$
$ADR5$  C1p08.Volt S_LG_5V_SENSOR_PWR_STRUCT_t SYS U FS$
$ADR5$  C1p10.DigIn S_LG_D4_INTERFACE_STRUCT_t SYS U FS$
$ADR5$  C1p10.PinStatus S_LG_D4_INTERFACE_STRUCT_t SYS U FS$
$ADR5$  C1p11.DigIn S_LG_D4_INTERFACE_STRUCT_t SYS U FS$
$ADR5$  C1p11.PinStatus S_LG_D4_INTERFACE_STRUCT_t SYS U FS$
$ADR5$  C1p12.DigIn S_LG_D4_INTERFACE_STRUCT_t SYS U FS$
$ADR5$  C1p12.PinStatus S_LG_D4_INTERFACE_STRUCT_t SYS U FS$
$ADR5$  C1p13.DigIn S_LG_D4_INTERFACE_STRUCT_t SYS U FS$
$ADR5$  C1p13.PinStatus S_LG_D4_INTERFACE_STRUCT_t SYS U FS$
$ADR5$  C1p14.DigIn S_LG_DA1_INTERFACE_STRUCT_t SYS U FS$
$ADR5$  C1p14.AnIn S_LG_DA1_INTERFACE_STRUCT_t SYS U FS$
$ADR5$  C1p14.Volt S_LG_DA1_INTERFACE_STRUCT_t SYS U FS$
$ADR5$  C1p14.PinStatus S_LG_DA1_INTERFACE_STRUCT_t SYS U FS$
$ADR5$  C1p15.DigIn S_LG_DA1_INTERFACE_STRUCT_t SYS U FS$
$ADR5$  C1p15.AnIn S_LG_DA1_INTERFACE_STRUCT_t SYS U FS$
$ADR5$  C1p15.Volt S_LG_DA1_INTERFACE_STRUCT_t SYS U FS$
$ADR5$  C1p15.PinStatus S_LG_DA1_INTERFACE_STRUCT_t SYS U FS$
$ADR5$  C1p16.DigIn S_LG_DA1_INTERFACE_STRUCT_t SYS U FS$
$ADR5$  C1p16.AnIn S_LG_DA1_INTERFACE_STRUCT_t SYS U FS$
$ADR5$  C1p16.Volt S_LG_DA1_INTERFACE_STRUCT_t SYS U FS$
$ADR5$  C1p16.PinStatus S_LG_DA1_INTERFACE_STRUCT_t SYS U FS$
$ADR5$  C1p17.DigIn S_LG_DA1_INTERFACE_STRUCT_t SYS U FS$
$ADR5$  C1p17.AnIn S_LG_DA1_INTERFACE_STRUCT_t SYS U FS$
$ADR5$  C1p17.Volt S_LG_DA1_INTERFACE_STRUCT_t SYS U FS$
$ADR5$  C1p17.PinStatus S_LG_DA1_INTERFACE_STRUCT_t SYS U FS$
$ADR5$  C1p18.DigIn S_LG_DAF1_INTERFACE_STRUCT_t SYS U FS$
$ADR5$  C1p18.AnIn S_LG_DAF1_INTERFACE_STRUCT_t SYS U FS$
$ADR5$  C1p18.Volt S_LG_DAF1_INTERFACE_STRUCT_t SYS U FS$
$ADR5$  C1p18.Freq S_LG_DAF1_INTERFACE_STRUCT_t SYS U FS$
$ADR5$  C1p18.Per S_LG_DAF1_INTERFACE_STRUCT_t SYS U FS$
$ADR5$  C1p18.Count S_LG_DAF1_INTERFACE_STRUCT_t SYS U FS$
$ADR5$  C1p18.Duty S_LG_DAF1_INTERFACE_STRUCT_t SYS U FS$
$ADR5$  C1p18.QuadCount S_LG_DAF1_INTERFACE_STRUCT_t SYS U FS$
$ADR5$  C1p18.Phase S_LG_DAF1_INTERFACE_STRUCT_t SYS U FS$
$ADR5$  C1p18.FreqStatus S_LG_DAF1_INTERFACE_STRUCT_t SYS U FS$
$ADR5$  C1p18.PinStatus S_LG_DAF1_INTERFACE_STRUCT_t SYS U FS$
$ADR5$  C1p19.DigIn S_LG_DAF1_INTERFACE_STRUCT_t SYS U FS$
$ADR5$  C1p19.AnIn S_LG_DAF1_INTERFACE_STRUCT_t SYS U FS$
$ADR5$  C1p19.Volt S_LG_DAF1_INTERFACE_STRUCT_t SYS U FS$
$ADR5$  C1p19.Freq S_LG_DAF1_INTERFACE_STRUCT_t SYS U FS$
$ADR5$  C1p19.Per S_LG_DAF1_INTERFACE_STRUCT_t SYS U FS$
$ADR5$  C1p19.Count S_LG_DAF1_INTERFACE_STRUCT_t SYS U FS$
$ADR5$  C1p19.Duty S_LG_DAF1_INTERFACE_STRUCT_t SYS U FS$
$ADR5$  C1p19.QuadCount S_LG_DAF1_INTERFACE_STRUCT_t SYS U FS$
$ADR5$  C1p19.Phase S_LG_DAF1_INTERFACE_STRUCT_t SYS U FS$
$ADR5$  C1p19.FreqStatus S_LG_DAF1_INTERFACE_STRUCT_t SYS U FS$
$ADR5$  C1p19.PinStatus S_LG_DAF1_INTERFACE_STRUCT_t SYS U FS$
$ADR5$  C1p22.AnIn S_LG_DA3_INTERFACE_STRUCT_t SYS U FS$
$ADR5$  C1p22.Volt S_LG_DA3_INTERFACE_STRUCT_t SYS U FS$
$ADR5$  C1p23.DigIn S_LG_DAF1_INTERFACE_STRUCT_t SYS U FS$
$ADR5$  C1p23.AnIn S_LG_DAF1_INTERFACE_STRUCT_t SYS U FS$
$ADR5$  C1p23.Volt S_LG_DAF1_INTERFACE_STRUCT_t SYS U FS$
$ADR5$  C1p23.Freq S_LG_DAF1_INTERFACE_STRUCT_t SYS U FS$
$ADR5$  C1p23.Per S_LG_DAF1_INTERFACE_STRUCT_t SYS U FS$
$ADR5$  C1p23.Count S_LG_DAF1_INTERFACE_STRUCT_t SYS U FS$
$ADR5$  C1p23.Duty S_LG_DAF1_INTERFACE_STRUCT_t SYS U FS$
$ADR5$  C1p23.QuadCount S_LG_DAF1_INTERFACE_STRUCT_t SYS U FS$
$ADR5$  C1p23.Phase S_LG_DAF1_INTERFACE_STRUCT_t SYS U FS$
$ADR5$  C1p23.FreqStatus S_LG_DAF1_INTERFACE_STRUCT_t SYS U FS$
$ADR5$  C1p23.PinStatus S_LG_DAF1_INTERFACE_STRUCT_t SYS U FS$
$ADR5$  C1p24.DigIn S_LG_DAF1_INTERFACE_STRUCT_t SYS U FS$
$ADR5$  C1p24.AnIn S_LG_DAF1_INTERFACE_STRUCT_t SYS U FS$
$ADR5$  C1p24.Volt S_LG_DAF1_INTERFACE_STRUCT_t SYS U FS$
$ADR5$  C1p24.Freq S_LG_DAF1_INTERFACE_STRUCT_t SYS U FS$
$ADR5$  C1p24.Per S_LG_DAF1_INTERFACE_STRUCT_t SYS U FS$
$ADR5$  C1p24.Count S_LG_DAF1_INTERFACE_STRUCT_t SYS U FS$
$ADR5$  C1p24.Duty S_LG_DAF1_INTERFACE_STRUCT_t SYS U FS$
$ADR5$  C1p24.QuadCount S_LG_DAF1_INTERFACE_STRUCT_t SYS U FS$
$ADR5$  C1p24.Phase S_LG_DAF1_INTERFACE_STRUCT_t SYS U FS$
$ADR5$  C1p24.FreqStatus S_LG_DAF1_INTERFACE_STRUCT_t SYS U FS$
$ADR5$  C1p24.PinStatus S_LG_DAF1_INTERFACE_STRUCT_t SYS U FS$
$ADR5$  C1p25.DigIn S_LG_DAF1_INTERFACE_STRUCT_t SYS U FS$
$ADR5$  C1p25.AnIn S_LG_DAF1_INTERFACE_STRUCT_t SYS U FS$
$ADR5$  C1p25.Volt S_LG_DAF1_INTERFACE_STRUCT_t SYS U FS$
$ADR5$  C1p25.Freq S_LG_DAF1_INTERFACE_STRUCT_t SYS U FS$
$ADR5$  C1p25.Per S_LG_DAF1_INTERFACE_STRUCT_t SYS U FS$
$ADR5$  C1p25.Count S_LG_DAF1_INTERFACE_STRUCT_t SYS U FS$
$ADR5$  C1p25.Duty S_LG_DAF1_INTERFACE_STRUCT_t SYS U FS$
$ADR5$  C1p25.QuadCount S_LG_DAF1_INTERFACE_STRUCT_t SYS U FS$
$ADR5$  C1p25.Phase S_LG_DAF1_INTERFACE_STRUCT_t SYS U FS$
$ADR5$  C1p25.FreqStatus S_LG_DAF1_INTERFACE_STRUCT_t SYS U FS$
$ADR5$  C1p25.PinStatus S_LG_DAF1_INTERFACE_STRUCT_t SYS U FS$
$ADR5$  C1p26.DigIn S_LG_DAF1_INTERFACE_STRUCT_t SYS U FS$
$ADR5$  C1p26.AnIn S_LG_DAF1_INTERFACE_STRUCT_t SYS U FS$
$ADR5$  C1p26.Volt S_LG_DAF1_INTERFACE_STRUCT_t SYS U FS$
$ADR5$  C1p26.Freq S_LG_DAF1_INTERFACE_STRUCT_t SYS U FS$
$ADR5$  C1p26.Per S_LG_DAF1_INTERFACE_STRUCT_t SYS U FS$
$ADR5$  C1p26.Count S_LG_DAF1_INTERFACE_STRUCT_t SYS U FS$
$ADR5$  C1p26.Duty S_LG_DAF1_INTERFACE_STRUCT_t SYS U FS$
$ADR5$  C1p26.QuadCount S_LG_DAF1_INTERFACE_STRUCT_t SYS U FS$
$ADR5$  C1p26.Phase S_LG_DAF1_INTERFACE_STRUCT_t SYS U FS$
$ADR5$  C1p26.FreqStatus S_LG_DAF1_INTERFACE_STRUCT_t SYS U FS$
$ADR5$  C1p26.PinStatus S_LG_DAF1_INTERFACE_STRUCT_t SYS U FS$
$ADR5$  C1p27.AnIn S_LG_DAR2_INTERFACE_STRUCT_t SYS U FS$
$ADR5$  C1p27.Volt S_LG_DAR2_INTERFACE_STRUCT_t SYS U FS$
$ADR5$  C1p27.Ohm S_LG_DAR2_INTERFACE_STRUCT_t SYS U FS$
$ADR5$  C1p27.PinStatus S_LG_DAR2_INTERFACE_STRUCT_t SYS U FS$
$ADR5$  C1p28.AnIn S_LG_DAR2_INTERFACE_STRUCT_t SYS U FS$
$ADR5$  C1p28.Volt S_LG_DAR2_INTERFACE_STRUCT_t SYS U FS$
$ADR5$  C1p28.Ohm S_LG_DAR2_INTERFACE_STRUCT_t SYS U FS$
$ADR5$  C1p28.PinStatus S_LG_DAR2_INTERFACE_STRUCT_t SYS U FS$
$ADR5$  C1p29.AnIn S_LG_DAR2_INTERFACE_STRUCT_t SYS U FS$
$ADR5$  C1p29.Volt S_LG_DAR2_INTERFACE_STRUCT_t SYS U FS$
$ADR5$  C1p29.Ohm S_LG_DAR2_INTERFACE_STRUCT_t SYS U FS$
$ADR5$  C1p29.PinStatus S_LG_DAR2_INTERFACE_STRUCT_t SYS U FS$
$ADR5$  C1p30.AnIn S_LG_DAR2_INTERFACE_STRUCT_t SYS U FS$
$ADR5$  C1p30.Volt S_LG_DAR2_INTERFACE_STRUCT_t SYS U FS$
$ADR5$  C1p30.Ohm S_LG_DAR2_INTERFACE_STRUCT_t SYS U FS$
$ADR5$  C1p30.PinStatus S_LG_DAR2_INTERFACE_STRUCT_t SYS U FS$
$ADR5$  C1p31.PinStatus S_LG_DOUT2_INTERFACE_STRUCT_t SYS U FS$
$ADR5$  C1p32.PinStatus S_LG_DOUT2_INTERFACE_STRUCT_t SYS U FS$
$ADR5$  C1p33.PinStatus S_LG_DOUT2_INTERFACE_STRUCT_t SYS U FS$
$ADR5$  C1p34.AnIn S_LG_DOUT4_INTERFACE_STRUCT_t SYS U FS$
$ADR5$  C1p34.Volt S_LG_DOUT4_INTERFACE_STRUCT_t SYS U FS$
$ADR5$  C1p34.PinStatus S_LG_DOUT4_INTERFACE_STRUCT_t SYS U FS$
$ADR5$  C1p35.AnIn S_LG_DOUT4_INTERFACE_STRUCT_t SYS U FS$
$ADR5$  C1p35.Volt S_LG_DOUT4_INTERFACE_STRUCT_t SYS U FS$
$ADR5$  C1p35.PinStatus S_LG_DOUT4_INTERFACE_STRUCT_t SYS U FS$
$ADR5$  C1p36.AnIn S_LG_DOUT4_INTERFACE_STRUCT_t SYS U FS$
$ADR5$  C1p36.Volt S_LG_DOUT4_INTERFACE_STRUCT_t SYS U FS$
$ADR5$  C1p36.PinStatus S_LG_DOUT4_INTERFACE_STRUCT_t SYS U FS$
$ADR5$  C1p37.ActPWM S_LG_PWM2_INTERFACE_STRUCT_t SYS U FS$
$ADR5$  C1p37.FeedBackValue S_LG_PWM2_INTERFACE_STRUCT_t SYS U FS$
$ADR5$  C1p37.PinStatus S_LG_PWM2_INTERFACE_STRUCT_t SYS U FS$
$ADR5$  C1p37_C1p40.ActFreq S_LG_PWM2_GROUPS_INTERFACE_STRUCT_t SYS U FS$
$ADR5$  C1p38.ActPWM S_LG_PWM2_INTERFACE_STRUCT_t SYS U FS$
$ADR5$  C1p38.FeedBackValue S_LG_PWM2_INTERFACE_STRUCT_t SYS U FS$
$ADR5$  C1p38.PinStatus S_LG_PWM2_INTERFACE_STRUCT_t SYS U FS$
$ADR5$  C1p39.ActPWM S_LG_PWM2_INTERFACE_STRUCT_t SYS U FS$
$ADR5$  C1p39.FeedBackValue S_LG_PWM2_INTERFACE_STRUCT_t SYS U FS$
$ADR5$  C1p39.PinStatus S_LG_PWM2_INTERFACE_STRUCT_t SYS U FS$
$ADR5$  C1p40.ActPWM S_LG_PWM2_INTERFACE_STRUCT_t SYS U FS$
$ADR5$  C1p40.FeedBackValue S_LG_PWM2_INTERFACE_STRUCT_t SYS U FS$
$ADR5$  C1p40.PinStatus S_LG_PWM2_INTERFACE_STRUCT_t SYS U FS$
$ADR5$  C1p41.ActPWM S_LG_PWM2_INTERFACE_STRUCT_t SYS U FS$
$ADR5$  C1p41.FeedBackValue S_LG_PWM2_INTERFACE_STRUCT_t SYS U FS$
$ADR5$  C1p41.PinStatus S_LG_PWM2_INTERFACE_STRUCT_t SYS U FS$
$ADR5$  C1p42.ActPWM S_LG_PWM2_INTERFACE_STRUCT_t SYS U FS$
$ADR5$  C1p42.FeedBackValue S_LG_PWM2_INTERFACE_STRUCT_t SYS U FS$
$ADR5$  C1p42.PinStatus S_LG_PWM2_INTERFACE_STRUCT_t SYS U FS$
$ADR5$  C1p42_C1p45.ActFreq S_LG_PWM2_GROUPS_INTERFACE_STRUCT_t SYS U FS$
$ADR5$  C1p43.ActPWM S_LG_PWM2_INTERFACE_STRUCT_t SYS U FS$
$ADR5$  C1p43.FeedBackValue S_LG_PWM2_INTERFACE_STRUCT_t SYS U FS$
$ADR5$  C1p43.PinStatus S_LG_PWM2_INTERFACE_STRUCT_t SYS U FS$
$ADR5$  C1p44.ActPWM S_LG_PWM2_INTERFACE_STRUCT_t SYS U FS$
$ADR5$  C1p44.FeedBackValue S_LG_PWM2_INTERFACE_STRUCT_t SYS U FS$
$ADR5$  C1p44.PinStatus S_LG_PWM2_INTERFACE_STRUCT_t SYS U FS$
$ADR5$  C1p45.ActPWM S_LG_PWM2_INTERFACE_STRUCT_t SYS U FS$
$ADR5$  C1p45.FeedBackValue S_LG_PWM2_INTERFACE_STRUCT_t SYS U FS$
$ADR5$  C1p45.PinStatus S_LG_PWM2_INTERFACE_STRUCT_t SYS U FS$
$ADR5$  C1p46.ActPWM S_LG_PWM2_INTERFACE_STRUCT_t SYS U FS$
$ADR5$  C1p46.FeedBackValue S_LG_PWM2_INTERFACE_STRUCT_t SYS U FS$
$ADR5$  C1p46.PinStatus S_LG_PWM2_INTERFACE_STRUCT_t SYS U FS$
$ADR5$  CAN[0].BussOff BOOL SYS U F$
$ADR5$  CAN[0].DriverError BOOL SYS U F$
$ADR5$  CAN[0].Overflow BOOL SYS U F$
$ADR5$  CAN[0].ErrorPassive BOOL SYS U F$
$ADR5$  CAN[1].BussOff BOOL SYS U F$
$ADR5$  CAN[1].DriverError BOOL SYS U F$
$ADR5$  CAN[1].Overflow BOOL SYS U F$
$ADR5$  CAN[1].ErrorPassive BOOL SYS U F$
$ADR5$  ECUInfoPacked.BootVer0 U16 SYS U S$
$ADR5$  ECUInfoPacked.AppCmplTime ARRAY[4]U16 SYS U S$
$ADR5$  ECUInfoPacked.SerNr0 ARRAY[3]U16 SYS U S$
$ADR5$  ECUInfoPacked.BDate ARRAY[4]U16 SYS U S$
$ADR5$  ECUInfoPacked.PNr0 ARRAY[6]U16 SYS U S$
$ADR5$  ECUInfoPacked.PRev0 ARRAY[2]U16 SYS U S$
$ADR5$  ECUInfoPacked.PNr1 ARRAY[6]U16 SYS U S$
$ADR5$  ECUInfoPacked.PRev1 ARRAY[2]U16 SYS U S$
$ADR5$  ECUInfoPacked.PNr2 ARRAY[3]U16 SYS U S$
$ADR5$  ECUInfoPacked.AppId ARRAY[26]U16 SYS U S$
$ADR5$  ECUInfoPacked.AppType ARRAY[16]U16 SYS U S$
$ADR5$  ECUInfoPacked.AppVer ARRAY[11]U16 SYS U S$
$ADR5$  ServiceTool.MasterPassword.Write S_DIAGNOSTIC_CONTROL_t SYS U S$
$ADR5$  ServiceTool.Connect S_DIAGNOSTIC_CONTROL_t SYS U S$
$ADR5$  NVMem.Intern S_NV_STRUCT_t SYS U S$
$ADR5$  ID.Node.ClientAddr S_IDTYPE_STRUCT_t SYS U S$
$ADR5$  OS.ChecksumFailure S_OSTYPE_STRUCT_t SYS U S$
$ADR5$  OS.CrcFailed S_OSTYPE_STRUCT_t SYS U S$
$ADR5$  C1p37.AnIn S_LG_PWM2_INTERFACE_STRUCT_t SYS U S$
$ADR5$  C1p38.AnIn S_LG_PWM2_INTERFACE_STRUCT_t SYS U S$
$ADR5$  C1p39.AnIn S_LG_PWM2_INTERFACE_STRUCT_t SYS U S$
$ADR5$  C1p42.AnIn S_LG_PWM2_INTERFACE_STRUCT_t SYS U S$
$ADR5$  C1p43.AnIn S_LG_PWM2_INTERFACE_STRUCT_t SYS U S$
$ADR5$  C1p44.AnIn S_LG_PWM2_INTERFACE_STRUCT_t SYS U S$
$ADR5$  C1p41.AnIn S_LG_PWM2_INTERFACE_STRUCT_t SYS U S$
$ADR5$  C1p46.AnIn S_LG_PWM2_INTERFACE_STRUCT_t SYS U S$
$ADR5$  C1p40.AnIn S_LG_PWM2_INTERFACE_STRUCT_t SYS U S$
$ADR5$  C1p45.AnIn S_LG_PWM2_INTERFACE_STRUCT_t SYS U S$
$ADR5$  HW1V8.AnIn S_LG_INT_PWR_INTERFACE_STRUCT_t SYS U S$
$ADR5$  HW1V8.Volt S_LG_INT_PWR_INTERFACE_STRUCT_t SYS U S$
$ADR5$  HW3V3.AnIn S_LG_INT_PWR_INTERFACE_STRUCT_t SYS U S$
$ADR5$  HW3V3.Volt S_LG_INT_PWR_INTERFACE_STRUCT_t SYS U S$
$ADR5$  HW5V0.AnIn S_LG_INT_PWR_INTERFACE_STRUCT_t SYS U S$
$ADR5$  HW5V0.Volt S_LG_INT_PWR_INTERFACE_STRUCT_t SYS U S$
$ADR5$  CAN[0].Baudrate U32 SYSI U F$
$ADR5$  ID.Net[0].Addr U8 SYSI U F$
$ADR5$  CAN[0].Reset BOOL SYS U F$
$ADR5$  CAN[0].DriverReset BOOL SYS U F$
$ADR5$  CAN[1].Baudrate U32 SYSI U F$
$ADR5$  ID.Net[1].Addr U8 SYSI U F$
$ADR5$  CAN[1].Reset BOOL SYS U F$
$ADR5$  CAN[1].DriverReset BOOL SYS U F$
$ADR5$  ID.Net[].Addr S_IDTYPE_STRUCT_t SYSI U S$
$ADR5$  CAN[].Baudrate S_CAN_INTERFACE_STRUCT_t SYSI U S$
$ADR5$  CAN[].Reset S_CAN_INTERFACE_STRUCT_t SYS U S$
$ADR5$  CAN[].DriverReset S_CAN_INTERFACE_STRUCT_t SYS U S$
$ADR5$  CAN[].BussOff S_CAN_INTERFACE_STRUCT_t SYS U S$
$ADR5$  CAN[].DriverError S_CAN_INTERFACE_STRUCT_t SYS U S$
$ADR5$  CAN[].ErrorPassive S_CAN_INTERFACE_STRUCT_t SYS U S$
$ADR5$  CAN[].Overflow S_CAN_INTERFACE_STRUCT_t SYS U S$
$END$$
